#
# There is insufficient memory for the Java Runtime Environment to continue.
# Native memory allocation (malloc) failed to allocate 1393616 bytes for Chunk::new
# Possible reasons:
#   The system is out of physical RAM or swap space
#   The process is running with CompressedOops enabled, and the Java Heap may be blocking the growth of the native heap
# Possible solutions:
#   Reduce memory load on the system
#   Increase physical memory or swap space
#   Check if swap backing store is full
#   Decrease Java heap size (-Xmx/-Xms)
#   Decrease number of Java threads
#   Decrease Java thread stack sizes (-Xss)
#   Set larger code cache with -XX:ReservedCodeCacheSize=
#   JVM is running with Zero Based Compressed Oops mode in which the Java heap is
#     placed in the first 32GB address space. The Java Heap base address is the
#     maximum limit for the native heap growth. Please use -XX:HeapBaseMinAddress
#     to set the Java Heap base and to place the Java Heap above 32GB virtual address.
# This output file may be truncated or incomplete.
#
#  Out of Memory Error (allocation.cpp:389), pid=21180, tid=0x000000000000807c
#
# JRE version: Java(TM) SE Runtime Environment (8.0_421) (build 1.8.0_421-b09)
# Java VM: Java HotSpot(TM) 64-Bit Server VM (25.421-b09 mixed mode windows-amd64 compressed oops)
# Failed to write core dump. Minidumps are not enabled by default on client versions of Windows
#

---------------  T H R E A D  ---------------

Current thread (0x0000027f19879000):  JavaThread "C2 CompilerThread1" daemon [_thread_in_native, id=32892, stack(0x000000e6edc00000,0x000000e6edd00000)]

Stack: [0x000000e6edc00000,0x000000e6edd00000]
Native frames: (J=compiled Java code, j=interpreted, Vv=VM code, C=native code)
V  [jvm.dll+0x34bb09]
V  [jvm.dll+0x288eb2]
V  [jvm.dll+0x289a80]
V  [jvm.dll+0x27dd05]
V  [jvm.dll+0xd9d8c]
V  [jvm.dll+0xda71c]
V  [jvm.dll+0x475592]
V  [jvm.dll+0x4b5ab7]
V  [jvm.dll+0x464041]
V  [jvm.dll+0x460ea9]
V  [jvm.dll+0x44ac7c]
V  [jvm.dll+0xaf385]
V  [jvm.dll+0xada9f]
V  [jvm.dll+0x24e5d9]
V  [jvm.dll+0x2a59dc]
C  [ucrtbase.dll+0x37b0]
C  [KERNEL32.DLL+0x2e8d7]
C  [ntdll.dll+0x3c34c]


Current CompileTask:
C2:  12932 7875       4       org.springframework.boot.context.properties.source.SystemEnvironmentPropertyMapper::isAncestorOf (23 bytes)


---------------  P R O C E S S  ---------------

Java Threads: ( => current thread )
  0x0000027f1fdfe000 JavaThread "lettuce-timer-3-1" daemon [_thread_blocked, id=20532, stack(0x000000e6ef000000,0x000000e6ef100000)]
  0x0000027f1fdfa800 JavaThread "activiti-reset-expired-jobs" [_thread_blocked, id=5888, stack(0x000000e6eef00000,0x000000e6ef000000)]
  0x0000027f1fdfc800 JavaThread "activiti-acquire-timer-jobs" [_thread_blocked, id=2640, stack(0x000000e6eee00000,0x000000e6eef00000)]
  0x0000027f1fdfc000 JavaThread "activiti-acquire-async-jobs" [_thread_blocked, id=14948, stack(0x000000e6eed00000,0x000000e6eee00000)]
  0x0000027f1fdf8000 JavaThread "HikariPool-1 housekeeper" daemon [_thread_blocked, id=36800, stack(0x000000e6eeb00000,0x000000e6eec00000)]
  0x0000027f2129c000 JavaThread "mysql-cj-abandoned-connection-cleanup" daemon [_thread_blocked, id=14928, stack(0x000000e6ee900000,0x000000e6eea00000)]
  0x0000027f1992e800 JavaThread "Service Thread" daemon [_thread_blocked, id=18696, stack(0x000000e6ee700000,0x000000e6ee800000)]
  0x0000027f1988a800 JavaThread "C1 CompilerThread11" daemon [_thread_blocked, id=22788, stack(0x000000e6ee600000,0x000000e6ee700000)]
  0x0000027f19887800 JavaThread "C1 CompilerThread10" daemon [_thread_blocked, id=14296, stack(0x000000e6ee500000,0x000000e6ee600000)]
  0x0000027f19886000 JavaThread "C1 CompilerThread9" daemon [_thread_blocked, id=27504, stack(0x000000e6ee400000,0x000000e6ee500000)]
  0x0000027f19889000 JavaThread "C1 CompilerThread8" daemon [_thread_blocked, id=33260, stack(0x000000e6ee300000,0x000000e6ee400000)]
  0x0000027f19887000 JavaThread "C2 CompilerThread7" daemon [_thread_in_native, id=19060, stack(0x000000e6ee200000,0x000000e6ee300000)]
  0x0000027f19888800 JavaThread "C2 CompilerThread6" daemon [_thread_in_native, id=2296, stack(0x000000e6ee100000,0x000000e6ee200000)]
  0x0000027f19881000 JavaThread "C2 CompilerThread5" daemon [_thread_in_native, id=18056, stack(0x000000e6ee000000,0x000000e6ee100000)]
  0x0000027f1987d800 JavaThread "C2 CompilerThread4" daemon [_thread_in_native, id=26236, stack(0x000000e6edf00000,0x000000e6ee000000)]
  0x0000027f1987c800 JavaThread "C2 CompilerThread3" daemon [_thread_in_native, id=24428, stack(0x000000e6ede00000,0x000000e6edf00000)]
  0x0000027f1987a000 JavaThread "C2 CompilerThread2" daemon [_thread_in_native, id=20852, stack(0x000000e6edd00000,0x000000e6ede00000)]
=>0x0000027f19879000 JavaThread "C2 CompilerThread1" daemon [_thread_in_native, id=32892, stack(0x000000e6edc00000,0x000000e6edd00000)]
  0x0000027f19876800 JavaThread "C2 CompilerThread0" daemon [_thread_in_native, id=22588, stack(0x000000e6edb00000,0x000000e6edc00000)]
  0x0000027f1986e000 JavaThread "Monitor Ctrl-Break" daemon [_thread_in_native, id=28632, stack(0x000000e6eda00000,0x000000e6edb00000)]
  0x0000027f197fe800 JavaThread "Attach Listener" daemon [_thread_blocked, id=29604, stack(0x000000e6ed900000,0x000000e6eda00000)]
  0x0000027f19810000 JavaThread "Signal Dispatcher" daemon [_thread_blocked, id=34024, stack(0x000000e6ed800000,0x000000e6ed900000)]
  0x0000027f7fd8d800 JavaThread "Finalizer" daemon [_thread_blocked, id=9188, stack(0x000000e6ed700000,0x000000e6ed800000)]
  0x0000027f7cc8d800 JavaThread "Reference Handler" daemon [_thread_blocked, id=25156, stack(0x000000e6ed600000,0x000000e6ed700000)]
  0x0000027f7cc09800 JavaThread "main" [_thread_in_vm, id=20896, stack(0x000000e6ec700000,0x000000e6ec800000)]

Other Threads:
  0x0000027f19771800 VMThread [stack: 0x000000e6ed500000,0x000000e6ed600000] [id=23040]
  0x0000027f19946000 WatcherThread [stack: 0x000000e6ee800000,0x000000e6ee900000] [id=28420]

VM state:not at safepoint (normal execution)

VM Mutex/Monitor currently owned by a thread: None

heap address: 0x00000006c4400000, size: 4028 MB, Compressed Oops mode: Zero based, Oop shift amount: 3
Narrow klass base: 0x0000000000000000, Narrow klass shift: 3
Compressed class space size: 1073741824 Address: 0x00000007c0000000

Heap:
 PSYoungGen      total 377344K, used 74466K [0x000000076c180000, 0x0000000787b80000, 0x00000007c0000000)
  eden space 354304K, 17% used [0x000000076c180000,0x000000076fcd8a58,0x0000000781b80000)
  from space 23040K, 59% used [0x0000000781b80000,0x00000007828e0018,0x0000000783200000)
  to   space 22528K, 0% used [0x0000000786580000,0x0000000786580000,0x0000000787b80000)
 ParOldGen       total 292352K, used 36947K [0x00000006c4400000, 0x00000006d6180000, 0x000000076c180000)
  object space 292352K, 12% used [0x00000006c4400000,0x00000006c6814ce8,0x00000006d6180000)
 Metaspace       used 63760K, capacity 67678K, committed 67752K, reserved 1107968K
  class space    used 8392K, capacity 9073K, committed 9128K, reserved 1048576K

Card table byte_map: [0x0000027f7ec80000,0x0000027f7f460000] byte_map_base: 0x0000027f7b65e000

Marking Bits: (ParMarkBitMap*) 0x00007ffe1a1ff200
 Begin Bits: [0x0000027f0f000000, 0x0000027f12ef0000)
 End Bits:   [0x0000027f12ef0000, 0x0000027f16de0000)

Polling page: 0x0000027f7cb80000

CodeCache: size=245760Kb used=27610Kb max_used=27645Kb free=218149Kb
 bounds [0x0000027f00000000, 0x0000027f01b30000, 0x0000027f0f000000]
 total_blobs=7274 nmethods=6756 adapters=426
 compilation: enabled

Compilation events (10 events):
Event: 9.793 Thread 0x0000027f19887800 nmethod 7895 0x0000027f00696d10 code [0x0000027f00696e60, 0x0000027f00697058]
Event: 9.793 Thread 0x0000027f19886000 nmethod 7893 0x0000027f01389d90 code [0x0000027f01389f40, 0x0000027f0138a5b0]
Event: 9.793 Thread 0x0000027f19889000 nmethod 7897 0x0000027f01388710 code [0x0000027f013888e0, 0x0000027f013891b0]
Event: 9.793 Thread 0x0000027f1988a800 nmethod 7896 0x0000027f00f1af90 code [0x0000027f00f1b180, 0x0000027f00f1bbe0]
Event: 9.802 Thread 0x0000027f19887800 7898   !   3       org.springframework.core.SimpleAliasRegistry::getAliases (38 bytes)
Event: 9.802 Thread 0x0000027f19886000 7899       3       org.springframework.beans.factory.annotation.InitDestroyAnnotationBeanPostProcessor::buildLifecycleMetadata (161 bytes)
Event: 9.803 Thread 0x0000027f19887800 nmethod 7898 0x0000027f01b01a90 code [0x0000027f01b01cc0, 0x0000027f01b02b40]
Event: 9.804 Thread 0x0000027f19886000 nmethod 7899 0x0000027f013bda10 code [0x0000027f013bdd20, 0x0000027f013bf760]
Event: 9.804 Thread 0x0000027f1988a800 7900   !   3       org.springframework.beans.factory.support.AbstractAutowireCapableBeanFactory::initializeBean (116 bytes)
Event: 9.805 Thread 0x0000027f1988a800 nmethod 7900 0x0000027f012d9190 code [0x0000027f012d93c0, 0x0000027f012da0c0]

GC Heap History (10 events):
Event: 5.668 GC heap before
{Heap before GC invocations=10 (full 2):
 PSYoungGen      total 268800K, used 268768K [0x000000076c180000, 0x0000000781d80000, 0x00000007c0000000)
  eden space 255488K, 100% used [0x000000076c180000,0x000000077bb00000,0x000000077bb00000)
  from space 13312K, 99% used [0x000000077bb00000,0x000000077c7f8390,0x000000077c800000)
  to   space 14848K, 0% used [0x0000000780f00000,0x0000000780f00000,0x0000000781d80000)
 ParOldGen       total 195072K, used 15838K [0x00000006c4400000, 0x00000006d0280000, 0x000000076c180000)
  object space 195072K, 8% used [0x00000006c4400000,0x00000006c5377858,0x00000006d0280000)
 Metaspace       used 48526K, capacity 51338K, committed 51496K, reserved 1093632K
  class space    used 6445K, capacity 6929K, committed 6952K, reserved 1048576K
Event: 5.678 GC heap after
Heap after GC invocations=10 (full 2):
 PSYoungGen      total 330752K, used 13274K [0x000000076c180000, 0x0000000781c00000, 0x00000007c0000000)
  eden space 317440K, 0% used [0x000000076c180000,0x000000076c180000,0x000000077f780000)
  from space 13312K, 99% used [0x0000000780f00000,0x0000000781bf69a0,0x0000000781c00000)
  to   space 15872K, 0% used [0x000000077fd00000,0x000000077fd00000,0x0000000780c80000)
 ParOldGen       total 195072K, used 15846K [0x00000006c4400000, 0x00000006d0280000, 0x000000076c180000)
  object space 195072K, 8% used [0x00000006c4400000,0x00000006c5379858,0x00000006d0280000)
 Metaspace       used 48526K, capacity 51338K, committed 51496K, reserved 1093632K
  class space    used 6445K, capacity 6929K, committed 6952K, reserved 1048576K
}
Event: 7.652 GC heap before
{Heap before GC invocations=11 (full 2):
 PSYoungGen      total 330752K, used 330714K [0x000000076c180000, 0x0000000781c00000, 0x00000007c0000000)
  eden space 317440K, 100% used [0x000000076c180000,0x000000077f780000,0x000000077f780000)
  from space 13312K, 99% used [0x0000000780f00000,0x0000000781bf69a0,0x0000000781c00000)
  to   space 15872K, 0% used [0x000000077fd00000,0x000000077fd00000,0x0000000780c80000)
 ParOldGen       total 195072K, used 15846K [0x00000006c4400000, 0x00000006d0280000, 0x000000076c180000)
  object space 195072K, 8% used [0x00000006c4400000,0x00000006c5379858,0x00000006d0280000)
 Metaspace       used 52282K, capacity 55164K, committed 55336K, reserved 1097728K
  class space    used 6907K, capacity 7430K, committed 7464K, reserved 1048576K
Event: 7.663 GC heap after
Heap after GC invocations=11 (full 2):
 PSYoungGen      total 338944K, used 15850K [0x000000076c180000, 0x0000000784400000, 0x00000007c0000000)
  eden space 323072K, 0% used [0x000000076c180000,0x000000076c180000,0x000000077fd00000)
  from space 15872K, 99% used [0x000000077fd00000,0x0000000780c7a9e8,0x0000000780c80000)
  to   space 18432K, 0% used [0x0000000783200000,0x0000000783200000,0x0000000784400000)
 ParOldGen       total 195072K, used 17709K [0x00000006c4400000, 0x00000006d0280000, 0x000000076c180000)
  object space 195072K, 9% used [0x00000006c4400000,0x00000006c554b4f0,0x00000006d0280000)
 Metaspace       used 52282K, capacity 55164K, committed 55336K, reserved 1097728K
  class space    used 6907K, capacity 7430K, committed 7464K, reserved 1048576K
}
Event: 8.239 GC heap before
{Heap before GC invocations=12 (full 2):
 PSYoungGen      total 338944K, used 281013K [0x000000076c180000, 0x0000000784400000, 0x00000007c0000000)
  eden space 323072K, 82% used [0x000000076c180000,0x000000077c472c58,0x000000077fd00000)
  from space 15872K, 99% used [0x000000077fd00000,0x0000000780c7a9e8,0x0000000780c80000)
  to   space 18432K, 0% used [0x0000000783200000,0x0000000783200000,0x0000000784400000)
 ParOldGen       total 195072K, used 17709K [0x00000006c4400000, 0x00000006d0280000, 0x000000076c180000)
  object space 195072K, 9% used [0x00000006c4400000,0x00000006c554b4f0,0x00000006d0280000)
 Metaspace       used 56157K, capacity 59028K, committed 59160K, reserved 1101824K
  class space    used 7311K, capacity 7826K, committed 7848K, reserved 1048576K
Event: 8.250 GC heap after
Heap after GC invocations=12 (full 2):
 PSYoungGen      total 372736K, used 18430K [0x000000076c180000, 0x0000000785a80000, 0x00000007c0000000)
  eden space 354304K, 0% used [0x000000076c180000,0x000000076c180000,0x0000000781b80000)
  from space 18432K, 99% used [0x0000000783200000,0x00000007843ff9d0,0x0000000784400000)
  to   space 23040K, 0% used [0x0000000781b80000,0x0000000781b80000,0x0000000783200000)
 ParOldGen       total 195072K, used 24457K [0x00000006c4400000, 0x00000006d0280000, 0x000000076c180000)
  object space 195072K, 12% used [0x00000006c4400000,0x00000006c5be2428,0x00000006d0280000)
 Metaspace       used 56157K, capacity 59028K, committed 59160K, reserved 1101824K
  class space    used 7311K, capacity 7826K, committed 7848K, reserved 1048576K
}
Event: 8.250 GC heap before
{Heap before GC invocations=13 (full 3):
 PSYoungGen      total 372736K, used 18430K [0x000000076c180000, 0x0000000785a80000, 0x00000007c0000000)
  eden space 354304K, 0% used [0x000000076c180000,0x000000076c180000,0x0000000781b80000)
  from space 18432K, 99% used [0x0000000783200000,0x00000007843ff9d0,0x0000000784400000)
  to   space 23040K, 0% used [0x0000000781b80000,0x0000000781b80000,0x0000000783200000)
 ParOldGen       total 195072K, used 24457K [0x00000006c4400000, 0x00000006d0280000, 0x000000076c180000)
  object space 195072K, 12% used [0x00000006c4400000,0x00000006c5be2428,0x00000006d0280000)
 Metaspace       used 56157K, capacity 59028K, committed 59160K, reserved 1101824K
  class space    used 7311K, capacity 7826K, committed 7848K, reserved 1048576K
Event: 8.394 GC heap after
Heap after GC invocations=13 (full 3):
 PSYoungGen      total 372736K, used 0K [0x000000076c180000, 0x0000000785a80000, 0x00000007c0000000)
  eden space 354304K, 0% used [0x000000076c180000,0x000000076c180000,0x0000000781b80000)
  from space 18432K, 0% used [0x0000000783200000,0x0000000783200000,0x0000000784400000)
  to   space 23040K, 0% used [0x0000000781b80000,0x0000000781b80000,0x0000000783200000)
 ParOldGen       total 292352K, used 36939K [0x00000006c4400000, 0x00000006d6180000, 0x000000076c180000)
  object space 292352K, 12% used [0x00000006c4400000,0x00000006c6812ce8,0x00000006d6180000)
 Metaspace       used 56157K, capacity 59028K, committed 59160K, reserved 1101824K
  class space    used 7311K, capacity 7826K, committed 7848K, reserved 1048576K
}
Event: 9.624 GC heap before
{Heap before GC invocations=14 (full 3):
 PSYoungGen      total 372736K, used 354304K [0x000000076c180000, 0x0000000785a80000, 0x00000007c0000000)
  eden space 354304K, 100% used [0x000000076c180000,0x0000000781b80000,0x0000000781b80000)
  from space 18432K, 0% used [0x0000000783200000,0x0000000783200000,0x0000000784400000)
  to   space 23040K, 0% used [0x0000000781b80000,0x0000000781b80000,0x0000000783200000)
 ParOldGen       total 292352K, used 36939K [0x00000006c4400000, 0x00000006d6180000, 0x000000076c180000)
  object space 292352K, 12% used [0x00000006c4400000,0x00000006c6812ce8,0x00000006d6180000)
 Metaspace       used 62846K, capacity 66370K, committed 66472K, reserved 1107968K
  class space    used 8241K, capacity 8871K, committed 8872K, reserved 1048576K
Event: 9.631 GC heap after
Heap after GC invocations=14 (full 3):
 PSYoungGen      total 377344K, used 13696K [0x000000076c180000, 0x0000000787b80000, 0x00000007c0000000)
  eden space 354304K, 0% used [0x000000076c180000,0x000000076c180000,0x0000000781b80000)
  from space 23040K, 59% used [0x0000000781b80000,0x00000007828e0018,0x0000000783200000)
  to   space 22528K, 0% used [0x0000000786580000,0x0000000786580000,0x0000000787b80000)
 ParOldGen       total 292352K, used 36947K [0x00000006c4400000, 0x00000006d6180000, 0x000000076c180000)
  object space 292352K, 12% used [0x00000006c4400000,0x00000006c6814ce8,0x00000006d6180000)
 Metaspace       used 62846K, capacity 66370K, committed 66472K, reserved 1107968K
  class space    used 8241K, capacity 8871K, committed 8872K, reserved 1048576K
}

Deoptimization events (10 events):
Event: 9.705 Thread 0x0000027f7cc09800 Uncommon trap: reason=class_check action=maybe_recompile pc=0x0000027f01153010 method=org.springframework.beans.factory.support.AbstractBeanFactory.isSingleton(Ljava/lang/String;)Z @ 32
Event: 9.705 Thread 0x0000027f7cc09800 Uncommon trap: reason=class_check action=maybe_recompile pc=0x0000027f01153010 method=org.springframework.beans.factory.support.AbstractBeanFactory.isSingleton(Ljava/lang/String;)Z @ 32
Event: 9.705 Thread 0x0000027f7cc09800 Uncommon trap: reason=class_check action=maybe_recompile pc=0x0000027f01153010 method=org.springframework.beans.factory.support.AbstractBeanFactory.isSingleton(Ljava/lang/String;)Z @ 32
Event: 9.705 Thread 0x0000027f7cc09800 Uncommon trap: reason=class_check action=maybe_recompile pc=0x0000027f01153010 method=org.springframework.beans.factory.support.AbstractBeanFactory.isSingleton(Ljava/lang/String;)Z @ 32
Event: 9.705 Thread 0x0000027f7cc09800 Uncommon trap: reason=class_check action=maybe_recompile pc=0x0000027f0115753c method=org.springframework.beans.factory.support.AbstractBeanFactory.isSingleton(Ljava/lang/String;)Z @ 32
Event: 9.717 Thread 0x0000027f7cc09800 Uncommon trap: reason=loop_limit_check action=maybe_recompile pc=0x0000027f015daa04 method=org.springframework.boot.context.properties.source.ConfigurationPropertyName.elementsEqual(Lorg/springframework/boot/context/properties/source/ConfigurationProperty
Event: 9.717 Thread 0x0000027f7cc09800 Uncommon trap: reason=loop_limit_check action=maybe_recompile pc=0x0000027f01146344 method=org.springframework.boot.context.properties.source.ConfigurationPropertyName.elementsEqual(Lorg/springframework/boot/context/properties/source/ConfigurationProperty
Event: 9.717 Thread 0x0000027f7cc09800 Uncommon trap: reason=loop_limit_check action=maybe_recompile pc=0x0000027f0164aac8 method=org.springframework.boot.context.properties.source.ConfigurationPropertyName.elementsEqual(Lorg/springframework/boot/context/properties/source/ConfigurationProperty
Event: 9.717 Thread 0x0000027f7cc09800 Uncommon trap: reason=loop_limit_check action=maybe_recompile pc=0x0000027f01619864 method=org.springframework.boot.context.properties.source.ConfigurationPropertyName.elementsEqual(Lorg/springframework/boot/context/properties/source/ConfigurationProperty
Event: 9.717 Thread 0x0000027f7cc09800 Uncommon trap: reason=loop_limit_check action=maybe_recompile pc=0x0000027f016327d4 method=org.springframework.boot.context.properties.source.ConfigurationPropertyName.elementsEqual(Lorg/springframework/boot/context/properties/source/ConfigurationProperty

Classes redefined (0 events):
No events

Internal exceptions (10 events):
Event: 9.791 Thread 0x0000027f7cc09800 Exception <a 'java/lang/ClassNotFoundException': org/springframework/validation/ValidatorCustomizer> (0x000000076f2aa528) thrown at [C:\jenkins\workspace\8-2-build-windows-x64-cygwin-sans-NAS\jdk8u421\1068\hotspot\src\share\vm\classfile\systemDictionary.c
Event: 9.803 Thread 0x0000027f7cc09800 Exception <a 'java/lang/ClassNotFoundException': java/lang/ObjectCustomizer> (0x000000076f46f328) thrown at [C:\jenkins\workspace\8-2-build-windows-x64-cygwin-sans-NAS\jdk8u421\1068\hotspot\src\share\vm\classfile\systemDictionary.cpp, line 213]
Event: 9.804 Thread 0x0000027f7cc09800 Exception <a 'java/lang/ClassNotFoundException': org/springframework/boot/autoconfigure/http/HttpMessageConvertersAutoConfigurationCustomizer> (0x000000076f4bf608) thrown at [C:\jenkins\workspace\8-2-build-windows-x64-cygwin-sans-NAS\jdk8u421\1068\hotspot
Event: 9.809 Thread 0x0000027f7cc09800 Exception <a 'java/lang/ClassNotFoundException': java/lang/ObjectCustomizer> (0x000000076f539140) thrown at [C:\jenkins\workspace\8-2-build-windows-x64-cygwin-sans-NAS\jdk8u421\1068\hotspot\src\share\vm\classfile\systemDictionary.cpp, line 213]
Event: 9.809 Thread 0x0000027f7cc09800 Exception <a 'java/lang/ClassNotFoundException': org/springframework/boot/autoconfigure/http/HttpMessageConvertersAutoConfiguration$StringHttpMessageConverterConfigurationCustomizer> (0x000000076f5a31b8) thrown at [C:\jenkins\workspace\8-2-build-windows-x
Event: 9.813 Thread 0x0000027f7cc09800 Exception <a 'java/lang/ClassNotFoundException': java/lang/ObjectCustomizer> (0x000000076f616610) thrown at [C:\jenkins\workspace\8-2-build-windows-x64-cygwin-sans-NAS\jdk8u421\1068\hotspot\src\share\vm\classfile\systemDictionary.cpp, line 213]
Event: 9.813 Thread 0x0000027f7cc09800 Exception <a 'java/lang/ClassNotFoundException': org/springframework/http/converter/AbstractHttpMessageConverterCustomizer> (0x000000076f659f58) thrown at [C:\jenkins\workspace\8-2-build-windows-x64-cygwin-sans-NAS\jdk8u421\1068\hotspot\src\share\vm\class
Event: 9.815 Thread 0x0000027f7cc09800 Exception <a 'java/lang/ClassNotFoundException': org/springframework/http/converter/StringHttpMessageConverterCustomizer> (0x000000076f6a75e0) thrown at [C:\jenkins\workspace\8-2-build-windows-x64-cygwin-sans-NAS\jdk8u421\1068\hotspot\src\share\vm\classfi
Event: 9.815 Thread 0x0000027f7cc09800 Exception <a 'java/lang/ClassNotFoundException': org/springframework/http/converter/HttpMessageConverterCustomizer> (0x000000076f6e9938) thrown at [C:\jenkins\workspace\8-2-build-windows-x64-cygwin-sans-NAS\jdk8u421\1068\hotspot\src\share\vm\classfile\sys
Event: 9.817 Thread 0x0000027f7cc09800 Exception <a 'java/lang/ClassNotFoundException': java/lang/ObjectCustomizer> (0x000000076f73a780) thrown at [C:\jenkins\workspace\8-2-build-windows-x64-cygwin-sans-NAS\jdk8u421\1068\hotspot\src\share\vm\classfile\systemDictionary.cpp, line 213]

Events (10 events):
Event: 9.815 loading class org/springframework/http/converter/HttpMessageConverterCustomizer
Event: 9.815 loading class org/springframework/http/converter/HttpMessageConverterCustomizer done
Event: 9.815 loading class org/springframework/http/converter/HttpMessageConverterCustomizer
Event: 9.815 loading class org/springframework/http/converter/HttpMessageConverterCustomizer done
Event: 9.817 loading class java/lang/ObjectCustomizer
Event: 9.817 loading class java/lang/ObjectCustomizer done
Event: 9.817 loading class java/lang/ObjectCustomizer
Event: 9.817 loading class java/lang/ObjectCustomizer done
Event: 9.817 loading class org/springframework/boot/autoconfigure/http/JacksonHttpMessageConvertersConfiguration$MappingJackson2HttpMessageConverterConfigurationCustomizer
Event: 9.817 loading class org/springframework/boot/autoconfigure/http/JacksonHttpMessageConvertersConfiguration$MappingJackson2HttpMessageConverterConfigurationCustomizer done


Dynamic libraries:
0x00007ff7cfb70000 - 0x00007ff7cfbbf000 	D:\Java\jdk-1.8\bin\java.exe
0x00007ffe6b500000 - 0x00007ffe6b765000 	C:\WINDOWS\SYSTEM32\ntdll.dll
0x00007ffe69a80000 - 0x00007ffe69b49000 	C:\WINDOWS\System32\KERNEL32.DLL
0x00007ffe68d70000 - 0x00007ffe69158000 	C:\WINDOWS\System32\KERNELBASE.dll
0x00007ffe6a230000 - 0x00007ffe6a2e3000 	C:\WINDOWS\System32\ADVAPI32.dll
0x00007ffe69bd0000 - 0x00007ffe69c79000 	C:\WINDOWS\System32\msvcrt.dll
0x00007ffe6b400000 - 0x00007ffe6b4a6000 	C:\WINDOWS\System32\sechost.dll
0x00007ffe69350000 - 0x00007ffe69465000 	C:\WINDOWS\System32\RPCRT4.dll
0x00007ffe6a5d0000 - 0x00007ffe6a79a000 	C:\WINDOWS\System32\USER32.dll
0x00007ffe68650000 - 0x00007ffe68677000 	C:\WINDOWS\System32\win32u.dll
0x00007ffe692a0000 - 0x00007ffe692cb000 	C:\WINDOWS\System32\GDI32.dll
0x00007ffe69160000 - 0x00007ffe69297000 	C:\WINDOWS\System32\gdi32full.dll
0x00007ffe68cc0000 - 0x00007ffe68d63000 	C:\WINDOWS\System32\msvcp_win.dll
0x00007ffe68ab0000 - 0x00007ffe68bfb000 	C:\WINDOWS\System32\ucrtbase.dll
0x00007ffe54c20000 - 0x00007ffe54eba000 	C:\WINDOWS\WinSxS\amd64_microsoft.windows.common-controls_6595b64144ccf1df_6.0.26100.4202_none_3e0698d4e335f517\COMCTL32.dll
0x00007ffe6a7a0000 - 0x00007ffe6a7d0000 	C:\WINDOWS\System32\IMM32.DLL
0x00007ffe618e0000 - 0x00007ffe618fb000 	D:\Java\jdk-1.8\jre\bin\vcruntime140.dll
0x00007ffe631c0000 - 0x00007ffe631cc000 	D:\Java\jdk-1.8\jre\bin\vcruntime140_1.dll
0x00007ffe51180000 - 0x00007ffe5120e000 	D:\Java\jdk-1.8\jre\bin\msvcp140.dll
0x00007ffe199d0000 - 0x00007ffe1a279000 	D:\Java\jdk-1.8\jre\bin\server\jvm.dll
0x00007ffe694c0000 - 0x00007ffe694c8000 	C:\WINDOWS\System32\PSAPI.DLL
0x00007ffe36060000 - 0x00007ffe3606a000 	C:\WINDOWS\SYSTEM32\WSOCK32.dll
0x00007ffe5a240000 - 0x00007ffe5a275000 	C:\WINDOWS\SYSTEM32\WINMM.dll
0x00007ffe55330000 - 0x00007ffe5533b000 	C:\WINDOWS\SYSTEM32\VERSION.dll
0x00007ffe6b380000 - 0x00007ffe6b3f4000 	C:\WINDOWS\System32\WS2_32.dll
0x00007ffe673e0000 - 0x00007ffe673fb000 	C:\WINDOWS\SYSTEM32\kernel.appcore.dll
0x00007ffe618d0000 - 0x00007ffe618e0000 	D:\Java\jdk-1.8\jre\bin\verify.dll
0x00007ffe61860000 - 0x00007ffe6188b000 	D:\Java\jdk-1.8\jre\bin\java.dll
0x00007ffe516c0000 - 0x00007ffe516f7000 	D:\Java\jdk-1.8\jre\bin\instrument.dll
0x00007ffe61830000 - 0x00007ffe61848000 	D:\Java\jdk-1.8\jre\bin\zip.dll
0x00007ffe6a7e0000 - 0x00007ffe6af22000 	C:\WINDOWS\System32\SHELL32.dll
0x00007ffe687b0000 - 0x00007ffe68924000 	C:\WINDOWS\System32\wintypes.dll
0x00007ffe696f0000 - 0x00007ffe69a75000 	C:\WINDOWS\System32\combase.dll
0x00007ffe66270000 - 0x00007ffe66ac8000 	C:\WINDOWS\SYSTEM32\windows.storage.dll
0x00007ffe6af30000 - 0x00007ffe6b021000 	C:\WINDOWS\System32\SHCORE.dll
0x00007ffe6a560000 - 0x00007ffe6a5ca000 	C:\WINDOWS\System32\shlwapi.dll
0x00007ffe68560000 - 0x00007ffe6858f000 	C:\WINDOWS\SYSTEM32\profapi.dll
0x00007ffe61710000 - 0x00007ffe6172a000 	D:\IDEA2024\IntelliJ IDEA 2024.2.1\bin\breakgen64.dll
0x00007ffe617c0000 - 0x00007ffe617dc000 	D:\Java\jdk-1.8\jre\bin\net.dll
0x00007ffe67980000 - 0x00007ffe679ea000 	C:\WINDOWS\system32\mswsock.dll
0x00007ffe61750000 - 0x00007ffe61763000 	D:\Java\jdk-1.8\jre\bin\nio.dll
0x00007ffe61770000 - 0x00007ffe6177d000 	D:\Java\jdk-1.8\jre\bin\management.dll
0x00007ffe47f70000 - 0x00007ffe47f88000 	C:\WINDOWS\system32\napinsp.dll
0x00007ffe66ed0000 - 0x00007ffe66ff7000 	C:\WINDOWS\SYSTEM32\DNSAPI.dll
0x00007ffe66de0000 - 0x00007ffe66e13000 	C:\WINDOWS\SYSTEM32\IPHLPAPI.DLL
0x00007ffe6b4b0000 - 0x00007ffe6b4ba000 	C:\WINDOWS\System32\NSI.dll
0x00007ffe47ec0000 - 0x00007ffe47ed2000 	C:\WINDOWS\System32\winrnr.dll
0x00007ffe47de0000 - 0x00007ffe47e10000 	C:\WINDOWS\system32\nlansp_c.dll
0x00007ffe60b80000 - 0x00007ffe60ba0000 	C:\WINDOWS\system32\wshbth.dll
0x00007ffe61f60000 - 0x00007ffe61f6b000 	C:\Windows\System32\rasadhlp.dll
0x00007ffe636f0000 - 0x00007ffe63776000 	C:\WINDOWS\System32\fwpuclnt.dll
0x00007ffe62a60000 - 0x00007ffe62a7f000 	C:\WINDOWS\SYSTEM32\dhcpcsvc6.DLL
0x00007ffe62920000 - 0x00007ffe62945000 	C:\WINDOWS\SYSTEM32\dhcpcsvc.DLL
0x00007ffe67c30000 - 0x00007ffe67c4b000 	C:\WINDOWS\SYSTEM32\CRYPTSP.dll
0x00007ffe67340000 - 0x00007ffe6737a000 	C:\WINDOWS\system32\rsaenh.dll
0x00007ffe67a20000 - 0x00007ffe67a4b000 	C:\WINDOWS\SYSTEM32\USERENV.dll
0x00007ffe68530000 - 0x00007ffe68556000 	C:\WINDOWS\SYSTEM32\bcrypt.dll
0x00007ffe68710000 - 0x00007ffe687a9000 	C:\WINDOWS\System32\bcryptprimitives.dll
0x00007ffe67c50000 - 0x00007ffe67c5c000 	C:\WINDOWS\SYSTEM32\CRYPTBASE.dll
0x00007ffe65fa0000 - 0x00007ffe661e1000 	C:\WINDOWS\SYSTEM32\dbghelp.dll
0x00007ffe694d0000 - 0x00007ffe695b1000 	C:\WINDOWS\System32\OLEAUT32.dll

VM Arguments:
jvm_args: -ea -Didea.test.cyclic.buffer.size=1048576 -javaagent:D:\IDEA2024\IntelliJ IDEA 2024.2.1\lib\idea_rt.jar=52384:D:\IDEA2024\IntelliJ IDEA 2024.2.1\bin -Dfile.encoding=UTF-8 
java_command: com.intellij.rt.junit.JUnitStarter -ideVersion5 -junit5 com.aoao.serviceoa.ServiceOaApplicationTests,mpTest2
java_class_path (initial): C:\Users\ao\.m2\repository\org\junit\platform\junit-platform-launcher\1.8.2\junit-platform-launcher-1.8.2.jar;C:\Users\ao\.m2\repository\org\junit\platform\junit-platform-engine\1.8.2\junit-platform-engine-1.8.2.jar;C:\Users\ao\.m2\repository\org\opentest4j\opentest4j\1.2.0\opentest4j-1.2.0.jar;C:\Users\ao\.m2\repository\org\junit\platform\junit-platform-commons\1.8.2\junit-platform-commons-1.8.2.jar;C:\Users\ao\.m2\repository\org\apiguardian\apiguardian-api\1.1.2\apiguardian-api-1.1.2.jar;D:\IDEA2024\IntelliJ IDEA 2024.2.1\lib\idea_rt.jar;D:\IDEA2024\IntelliJ IDEA 2024.2.1\plugins\junit\lib\junit5-rt.jar;D:\IDEA2024\IntelliJ IDEA 2024.2.1\plugins\junit\lib\junit-rt.jar;D:\Java\jdk-1.8\jre\lib\charsets.jar;D:\Java\jdk-1.8\jre\lib\deploy.jar;D:\Java\jdk-1.8\jre\lib\ext\access-bridge-64.jar;D:\Java\jdk-1.8\jre\lib\ext\cldrdata.jar;D:\Java\jdk-1.8\jre\lib\ext\dnsns.jar;D:\Java\jdk-1.8\jre\lib\ext\jaccess.jar;D:\Java\jdk-1.8\jre\lib\ext\jfxrt.jar;D:\Java\jdk-1.8\jre\lib\ext\localedata.jar;D:\Java\jdk-1.8\jre\lib\ext\nashorn.jar;D:\Java\jdk-1.8\jre\lib\ext\sunec.jar;D:\Java\jdk-1.8\jre\lib\ext\sunjce_provider.jar;D:\Java\jdk-1.8\jre\lib\ext\sunmscapi.jar;D:\Java\jdk-1.8\jre\lib\ext\sunpkcs11.jar;D:\Java\jdk-1.8\jre\lib\ext\zipfs.jar;D:\Java\jdk-1.8\jre\lib\javaws.jar;D:\Java\jdk-1.8\jre\lib\jce.jar;D:\Java\jdk-1.8\jre\lib\jfr.jar;D:\Java\jdk-1.8\jre\lib\jfxswt.jar;D:\Java\jdk-1.8\jre\lib\jsse.jar;D:\Java\jdk-1.8\jre\lib\management-agent.jar;D:\Java\jdk-1.8\jre\lib\plugin.jar;D:\Java\jdk-1.8\jre\lib\resources.jar;D:\Java\jdk-1.8\jre\lib\rt.jar;D:\springboot_project\oa-parent\service-oa\target\test-classes;D:\springboot_project\oa-parent\service-oa\target\classes;D:\maven\cglib\cglib\3.3.0\cglib-3.3.0.jar;D:\maven\org\ow2\asm\asm\7.1\asm-7.1.jar;D:\springboot_project\oa-parent\common\common-util\target\classes;D:\springboot_project\oa-parent\model\target\classes;D:\maven\com\alibaba\fastjson\2.0.45\fastjson-2.0.45.jar;D:\maven\com\alibaba\fastj
Launcher Type: SUN_STANDARD

Environment Variables:
JAVA_HOME=D:\Java\jdk-1.8
PATH=C:\Python313\Scripts\;C:\Python313\;D:\VMware\VMware Workstation\bin\;C:\WINDOWS\system32;C:\WINDOWS;C:\WINDOWS\System32\Wbem;C:\WINDOWS\System32\WindowsPowerShell\v1.0\;C:\WINDOWS\System32\OpenSSH\;D:\Java\jdk-1.8\bin;D:\Python;D:\Python\Scripts;C:\Program Files\dotnet\;D:\MySQL\MySQL Server 8.0\bin;D:\Git\cmd;C:\ProgramData\chocolatey\bin;C:\Users\ao\Downloads\apache-maven-3.9.9-bin\apache-maven-3.9.9\bin;D:\Tencent\微信web开发者工具\dll;D:\nvm\v18.16.0;D:\nodejs1.2.1\nodejs;C:\Program Files\Docker\Docker\resources\bin;D:\MySQL\MySQL Shell 8.0\bin\;C:\Users\ao\AppData\Local\Microsoft\WindowsApps;D:\IDEA\IntelliJ IDEA Community Edition 2022.2.1\bin;;D:\IDEA2024\IntelliJ IDEA 2024.2.1\bin;;D:\WebStorm\WebStorm 2024.2.1\bin;;D:\PyCharm\PyCharm 2024.2.1\bin;;D:\PyCharm Community Edition 2024.2.3\bin;;D:\Microsoft VS Code\bin;C:\Users\ao\AppData\Roaming\npm;d:\nvm;D:\nodejs1.2.1\nodejs;
USERNAME=ao
OS=Windows_NT
PROCESSOR_IDENTIFIER=Intel64 Family 6 Model 154 Stepping 3, GenuineIntel



---------------  S Y S T E M  ---------------

OS: Windows 11 , 64 bit Build 26100 (10.0.26100.4202)

CPU:total 16 (initial active 16) (8 cores per cpu, 2 threads per core) family 6 model 154 stepping 3, cmov, cx8, fxsr, mmx, sse, sse2, sse3, ssse3, sse4.1, sse4.2, popcnt, avx, avx2, aes, clmul, erms, 3dnowpref, lzcnt, ht, tsc, tscinvbit, bmi1, bmi2, adx

Memory: 4k page, physical 16496120k(1696084k free), swap 35696116k(6820k free)

vm_info: Java HotSpot(TM) 64-Bit Server VM (25.421-b09) for windows-amd64 JRE (1.8.0_421-b09), built on Jun  5 2024 13:01:06 by "java_re" with MS VC++ 17.6 (VS2022)

time: Sun Jul 20 14:27:27 2025
timezone: Intel64 Family 6 Model 154 Stepping 3, GenuineIntel
elapsed time: 13.940492 seconds (0d 0h 0m 13s)

